Sat 04/04/2020 22:51:37.61 - Info: Starting WSUS Offline Update v. 12.0
Sat 04/04/2020 22:51:37.68 - Info: Used path "k:\cmd\" on STANDALONE (user: iaf)
Sat 04/04/2020 22:51:45.17 - Info: Found Microsoft Windows version 10.0.18363.1 (w100 x64 enu)
Sat 04/04/2020 22:51:45.23 - Info: Found Microsoft Windows Software Licensing Management Tool info...
Sat 04/04/2020 22:51:45.34 - Info: Name: Windows(R), Enterprise edition
Sat 04/04/2020 22:51:45.39 - Info: Description: Windows(R) Operating System, VOLUME_KMSCLIENT channel
Sat 04/04/2020 22:51:45.47 - Info: Partial Product Key: 2YT43
Sat 04/04/2020 22:51:45.52 - Info: License Status: Licensed
Sat 04/04/2020 22:51:45.57 - Info: Volume activation expiration: 69974 minute(s) (49 day(s))
Sat 04/04/2020 22:51:45.64 - Info: Found total physical memory: 4 GB
Sat 04/04/2020 22:51:45.69 - Info: Found Windows Update Agent version 10.0.18362.628
Sat 04/04/2020 22:51:45.74 - Info: Found Windows Installer version 5.0.18362.719
Sat 04/04/2020 22:51:45.79 - Info: Found Windows Script Host version 5.812.10240.16384
Sat 04/04/2020 22:51:45.84 - Info: Found Internet Explorer version 9.11.18362.0
Sat 04/04/2020 22:51:45.89 - Info: Found Microsoft .NET Framework 3.5 version 0.0.0.0
Sat 04/04/2020 22:51:45.94 - Info: Found Windows PowerShell version 2.0
Sat 04/04/2020 22:51:45.99 - Info: Found Microsoft .NET Framework 4 version 4.8.03752 (release: 528040)
Sat 04/04/2020 22:51:46.26 - Info: Found Windows Management Framework version 5.1.18362.1
Sat 04/04/2020 22:51:46.33 - Info: Found Windows Defender definitions version 1.311.1682.0
Sat 04/04/2020 22:51:46.93 - Info: Found Microsoft Office 2016 Word version 16.0.4978.1000 (o2k16 x64 heb sp0)
Sat 04/04/2020 22:51:47.06 - Info: Medium build date: 2020-03-31
Sat 04/04/2020 22:51:47.13 - Info: Medium supports Microsoft Windows (w100 x64 glb)
Sat 04/04/2020 22:51:47.22 - Info: Medium does not support Microsoft Office (ofc glb)
Sat 04/04/2020 22:51:47.45 - Info: Disabled screensaver
Sat 04/04/2020 22:51:49.57 - Info: Checked Windows Update scan prerequisites
Sat 04/04/2020 22:51:50.83 - Info: Starting service 'Windows Update' (wuauserv)
Sat 04/04/2020 22:51:51.15 - Info: Waiting for service 'wuauserv' to reach state 'Running' (timeout: 60s)
Sat 04/04/2020 22:51:54.37 - Info: Service 'wuauserv' reached state 'Running'
Sat 04/04/2020 22:51:54.64 - Info: Started service 'Windows Update' (wuauserv)
Sat 04/04/2020 23:05:28.04 - Info: Listed ids of missing updates
Sat 04/04/2020 23:05:31.85 - Info: Listed ids of installed updates
Sat 04/04/2020 23:05:33.21 - Warning: Update kb4052908 (id: 6e9a6c8e-8e0c-4f7a-b2ad-4af752667661) not found
Sat 04/04/2020 23:05:40.89 - Info: Listed update files
Sat 04/04/2020 23:05:40.99 - Info: Any missing update was either black listed or not found
Sat 04/04/2020 23:05:41.47 - Info: Restored screensaver setting
Sat 04/04/2020 23:05:41.89 - Info: Activated previous power scheme
Sat 04/04/2020 23:05:42.00 - Warning: Deletion of temporary power scheme failed
Sat 04/04/2020 23:05:42.18 - Info: Ending WSUS Offline Update

--------------------------------------------------------------------------------

Sun 04/05/2020 11:07:21.35 - Info: Starting WSUS Offline Update v. 12.0
Sun 04/05/2020 11:07:21.43 - Info: Used path "k:\cmd\" on STANDALONE (user: iaf)
Sun 04/05/2020 11:07:27.55 - Info: Found Microsoft Windows version 10.0.18363.1 (w100 x64 enu)
Sun 04/05/2020 11:07:27.64 - Info: Found Microsoft Windows Software Licensing Management Tool info...
Sun 04/05/2020 11:07:27.84 - Info: Name: Windows(R), Enterprise edition
Sun 04/05/2020 11:07:27.93 - Info: Description: Windows(R) Operating System, VOLUME_KMSCLIENT channel
Sun 04/05/2020 11:07:28.00 - Info: Partial Product Key: 2YT43
Sun 04/05/2020 11:07:28.06 - Info: License Status: Licensed
Sun 04/05/2020 11:07:28.12 - Info: Volume activation expiration: 69238 minute(s) (49 day(s))
Sun 04/05/2020 11:07:28.18 - Info: Found total physical memory: 4 GB
Sun 04/05/2020 11:07:28.27 - Info: Found Windows Update Agent version 10.0.18362.628
Sun 04/05/2020 11:07:28.34 - Info: Found Windows Installer version 5.0.18362.719
Sun 04/05/2020 11:07:28.41 - Info: Found Windows Script Host version 5.812.10240.16384
Sun 04/05/2020 11:07:28.46 - Info: Found Internet Explorer version 9.11.18362.0
Sun 04/05/2020 11:07:28.54 - Info: Found Microsoft .NET Framework 3.5 version 0.0.0.0
Sun 04/05/2020 11:07:28.60 - Info: Found Windows PowerShell version 2.0
Sun 04/05/2020 11:07:28.65 - Info: Found Microsoft .NET Framework 4 version 4.8.03752 (release: 528040)
Sun 04/05/2020 11:07:28.72 - Info: Found Windows Management Framework version 5.1.18362.1
Sun 04/05/2020 11:07:28.79 - Info: Found Windows Defender definitions version 1.311.1682.0
Sun 04/05/2020 11:07:28.92 - Info: Found Microsoft Office 2016 Word version 16.0.4978.1000 (o2k16 x64 heb sp0)
Sun 04/05/2020 11:07:29.10 - Info: Medium build date: 2020-03-31
Sun 04/05/2020 11:07:29.38 - Info: Medium supports Microsoft Windows (w100 x64 glb)
Sun 04/05/2020 11:07:29.46 - Info: Medium does not support Microsoft Office (ofc glb)
Sun 04/05/2020 11:07:29.97 - Info: Disabled screensaver
Sun 04/05/2020 11:07:31.78 - Info: Checked Windows Update scan prerequisites
Sun 04/05/2020 11:07:34.26 - Info: Starting service 'Windows Update' (wuauserv)
Sun 04/05/2020 11:07:34.57 - Info: Waiting for service 'wuauserv' to reach state 'Running' (timeout: 60s)
Sun 04/05/2020 11:07:37.22 - Info: Service 'wuauserv' reached state 'Running'
Sun 04/05/2020 11:07:37.33 - Info: Started service 'Windows Update' (wuauserv)

--------------------------------------------------------------------------------

Sun 04/05/2020 11:30:11.05 - Info: Starting WSUS Offline Update v. 12.0
Sun 04/05/2020 11:30:11.13 - Info: Used path "k:\cmd\" on STANDALONE (user: iaf)
Sun 04/05/2020 11:30:17.13 - Info: Found Microsoft Windows version 10.0.18363.1 (w100 x64 enu)
Sun 04/05/2020 11:30:17.18 - Info: Found Microsoft Windows Software Licensing Management Tool info...
Sun 04/05/2020 11:30:17.29 - Info: Name: Windows(R), Enterprise edition
Sun 04/05/2020 11:30:17.35 - Info: Description: Windows(R) Operating System, VOLUME_KMSCLIENT channel
Sun 04/05/2020 11:30:17.39 - Info: Partial Product Key: 2YT43
Sun 04/05/2020 11:30:17.45 - Info: License Status: Licensed
Sun 04/05/2020 11:30:17.50 - Info: Volume activation expiration: 69215 minute(s) (49 day(s))
Sun 04/05/2020 11:30:17.76 - Info: Found total physical memory: 4 GB
Sun 04/05/2020 11:30:17.86 - Info: Found Windows Update Agent version 10.0.18362.628
Sun 04/05/2020 11:30:17.92 - Info: Found Windows Installer version 5.0.18362.719
Sun 04/05/2020 11:30:17.98 - Info: Found Windows Script Host version 5.812.10240.16384
Sun 04/05/2020 11:30:18.04 - Info: Found Internet Explorer version 9.11.18362.0
Sun 04/05/2020 11:30:18.11 - Info: Found Microsoft .NET Framework 3.5 version 0.0.0.0
Sun 04/05/2020 11:30:18.17 - Info: Found Windows PowerShell version 2.0
Sun 04/05/2020 11:30:18.26 - Info: Found Microsoft .NET Framework 4 version 4.8.03752 (release: 528040)
Sun 04/05/2020 11:30:18.31 - Info: Found Windows Management Framework version 5.1.18362.1
Sun 04/05/2020 11:30:18.37 - Info: Found Windows Defender definitions version 1.311.1682.0
Sun 04/05/2020 11:30:18.45 - Info: Found Microsoft Office 2016 Word version 16.0.4978.1000 (o2k16 x64 heb sp0)
Sun 04/05/2020 11:30:18.60 - Info: Medium build date: 2020-03-31
Sun 04/05/2020 11:30:18.68 - Info: Medium supports Microsoft Windows (w100 x64 glb)
Sun 04/05/2020 11:30:18.75 - Info: Medium does not support Microsoft Office (ofc glb)
Sun 04/05/2020 11:30:19.14 - Info: Disabled screensaver
Sun 04/05/2020 11:30:20.94 - Info: Checked Windows Update scan prerequisites
Sun 04/05/2020 11:30:21.90 - Info: Stopping service 'Windows Update' (wuauserv)
Sun 04/05/2020 11:30:22.29 - Info: Waiting for service 'wuauserv' to reach state 'Stopped' (timeout: 180s)
Sun 04/05/2020 11:30:29.47 - Info: Listed ids of missing updates
Sun 04/05/2020 11:30:30.54 - Info: Listed ids of installed updates
Sun 04/05/2020 11:30:31.72 - Info: Listed update files
Sun 04/05/2020 11:30:31.82 - Info: No missing update found
Sun 04/05/2020 11:30:31.98 - Info: Restored screensaver setting
Sun 04/05/2020 11:30:32.12 - Warning: Deletion of temporary power scheme failed
Sun 04/05/2020 11:30:32.34 - Info: Ending WSUS Offline Update
Sun 04/05/2020 11:33:48.28 - Warning: Service 'wuauserv' did not reach state 'Stopped' in time
Sun 04/05/2020 11:52:38.77 - Info: Listed ids of missing updates
Sun 04/05/2020 11:52:40.27 - Info: Listed ids of installed updates
Sun 04/05/2020 11:52:41.30 - Warning: Update kb4052908 (id: 6e9a6c8e-8e0c-4f7a-b2ad-4af752667661) not found
Sun 04/05/2020 11:52:46.84 - Info: Listed update files
Sun 04/05/2020 11:52:46.93 - Info: Any missing update was either black listed or not found
Sun 04/05/2020 11:52:47.11 - Info: Restored screensaver setting
Sun 04/05/2020 11:52:47.82 - Warning: Deletion of temporary power scheme failed
Sun 04/05/2020 11:52:48.07 - Info: Ending WSUS Offline Update

--------------------------------------------------------------------------------

Sun 04/05/2020 12:58:21.32 - Info: Starting WSUS Offline Update v. 12.0
Sun 04/05/2020 12:58:21.40 - Info: Used path "k:\cmd\" on STANDALONE (user: iaf)
Sun 04/05/2020 12:58:27.21 - Info: Found Microsoft Windows version 10.0.18363.1 (w100 x64 enu)
Sun 04/05/2020 12:58:27.28 - Info: Found Microsoft Windows Software Licensing Management Tool info...
Sun 04/05/2020 12:58:27.39 - Info: Name: Windows(R), Enterprise edition
Sun 04/05/2020 12:58:27.46 - Info: Description: Windows(R) Operating System, VOLUME_KMSCLIENT channel
Sun 04/05/2020 12:58:27.54 - Info: Partial Product Key: 2YT43
Sun 04/05/2020 12:58:27.60 - Info: License Status: Licensed
Sun 04/05/2020 12:58:27.66 - Info: Volume activation expiration: 69127 minute(s) (49 day(s))
Sun 04/05/2020 12:58:27.73 - Info: Found total physical memory: 4 GB
Sun 04/05/2020 12:58:27.79 - Info: Found Windows Update Agent version 10.0.18362.628
Sun 04/05/2020 12:58:27.93 - Info: Found Windows Installer version 5.0.18362.719
Sun 04/05/2020 12:58:28.00 - Info: Found Windows Script Host version 5.812.10240.16384
Sun 04/05/2020 12:58:28.07 - Info: Found Internet Explorer version 9.11.18362.0
Sun 04/05/2020 12:58:28.17 - Info: Found Microsoft .NET Framework 3.5 version 0.0.0.0
Sun 04/05/2020 12:58:28.24 - Info: Found Windows PowerShell version 2.0
Sun 04/05/2020 12:58:28.30 - Info: Found Microsoft .NET Framework 4 version 4.8.03752 (release: 528040)
Sun 04/05/2020 12:58:28.37 - Info: Found Windows Management Framework version 5.1.18362.1
Sun 04/05/2020 12:58:28.43 - Info: Found Windows Defender definitions version 1.311.1682.0
Sun 04/05/2020 12:58:28.51 - Info: Found Microsoft Office 2016 Word version 16.0.4978.1000 (o2k16 x64 heb sp0)
Sun 04/05/2020 12:58:28.67 - Info: Medium build date: 2020-04-05
Sun 04/05/2020 12:58:28.79 - Info: Medium supports Microsoft Windows (w100 x64 glb)
Sun 04/05/2020 12:58:28.90 - Info: Medium supports Microsoft Office (ofc heb)
Sun 04/05/2020 12:58:29.14 - Info: Disabled screensaver
Sun 04/05/2020 12:58:31.06 - Info: Checked Windows Update scan prerequisites
Sun 04/05/2020 12:58:32.85 - Info: Starting service 'Windows Update' (wuauserv)
Sun 04/05/2020 12:58:33.31 - Info: Waiting for service 'wuauserv' to reach state 'Running' (timeout: 60s)
Sun 04/05/2020 12:58:35.96 - Info: Service 'wuauserv' reached state 'Running'
Sun 04/05/2020 12:58:36.22 - Info: Started service 'Windows Update' (wuauserv)

--------------------------------------------------------------------------------

Sun 04/05/2020 13:12:37.34 - Info: Starting WSUS Offline Update v. 12.0
Sun 04/05/2020 13:12:37.61 - Info: Used path "k:\cmd\" on STANDALONE (user: iaf)
Sun 04/05/2020 13:12:42.55 - Info: Found Microsoft Windows version 10.0.18363.1 (w100 x64 enu)
Sun 04/05/2020 13:12:42.62 - Info: Found Microsoft Windows Software Licensing Management Tool info...
Sun 04/05/2020 13:12:42.73 - Info: Name: Windows(R), Enterprise edition
Sun 04/05/2020 13:12:42.78 - Info: Description: Windows(R) Operating System, VOLUME_KMSCLIENT channel
Sun 04/05/2020 13:12:42.84 - Info: Partial Product Key: 2YT43
Sun 04/05/2020 13:12:42.90 - Info: License Status: Licensed
Sun 04/05/2020 13:12:42.96 - Info: Volume activation expiration: 69113 minute(s) (48 day(s))
Sun 04/05/2020 13:12:43.03 - Info: Found total physical memory: 4 GB
Sun 04/05/2020 13:12:43.12 - Info: Found Windows Update Agent version 10.0.18362.628
Sun 04/05/2020 13:12:43.40 - Info: Found Windows Installer version 5.0.18362.719
Sun 04/05/2020 13:12:43.48 - Info: Found Windows Script Host version 5.812.10240.16384
Sun 04/05/2020 13:12:43.58 - Info: Found Internet Explorer version 9.11.18362.0
Sun 04/05/2020 13:12:43.68 - Info: Found Microsoft .NET Framework 3.5 version 0.0.0.0
Sun 04/05/2020 13:12:43.78 - Info: Found Windows PowerShell version 2.0
Sun 04/05/2020 13:12:43.87 - Info: Found Microsoft .NET Framework 4 version 4.8.03752 (release: 528040)
Sun 04/05/2020 13:12:43.96 - Info: Found Windows Management Framework version 5.1.18362.1
Sun 04/05/2020 13:12:44.03 - Info: Found Windows Defender definitions version 1.311.1682.0
Sun 04/05/2020 13:12:44.10 - Info: Found Microsoft Office 2016 Word version 16.0.4978.1000 (o2k16 x64 heb sp0)
Sun 04/05/2020 13:12:44.25 - Info: Medium build date: 2020-04-05
Sun 04/05/2020 13:12:44.33 - Info: Medium supports Microsoft Windows (w100 x64 glb)
Sun 04/05/2020 13:12:44.41 - Info: Medium supports Microsoft Office (ofc heb)
Sun 04/05/2020 13:12:44.84 - Info: Disabled screensaver
Sun 04/05/2020 13:12:46.39 - Info: Checked Windows Update scan prerequisites
Sun 04/05/2020 13:12:48.36 - Info: Starting service 'Windows Update' (wuauserv)
Sun 04/05/2020 13:12:48.55 - Info: Waiting for service 'wuauserv' to reach state 'Running' (timeout: 60s)
Sun 04/05/2020 13:12:51.14 - Info: Service 'wuauserv' reached state 'Running'
Sun 04/05/2020 13:12:51.18 - Info: Started service 'Windows Update' (wuauserv)
Sun 04/05/2020 13:34:55.95 - Info: Listed ids of missing updates
Sun 04/05/2020 13:34:57.20 - Info: Listed ids of installed updates
Sun 04/05/2020 13:34:58.07 - Warning: Update kb4052908 (id: 6e9a6c8e-8e0c-4f7a-b2ad-4af752667661) not found
Sun 04/05/2020 13:35:05.55 - Info: Listed update files
Sun 04/05/2020 13:35:05.64 - Info: Any missing update was either black listed or not found
Sun 04/05/2020 13:35:05.84 - Info: Restored screensaver setting
Sun 04/05/2020 13:35:06.00 - Warning: Deletion of temporary power scheme failed
Sun 04/05/2020 13:35:06.21 - Info: Ending WSUS Offline Update

--------------------------------------------------------------------------------

Sun 04/05/2020 17:31:25.43 - Info: Starting WSUS Offline Update v. 12.0
Sun 04/05/2020 17:31:25.45 - Info: Starting WSUS Offline Update v. 12.0
Sun 04/05/2020 17:31:25.53 - Info: Used path "k:\cmd\" on STANDALONE (user: iaf)
Sun 04/05/2020 17:31:25.53 - Info: Used path "k:\cmd\" on STANDALONE (user: iaf)
Sun 04/05/2020 17:31:26.48 - Error: Unsupported Operating System ( x64)
Sun 04/05/2020 17:31:27.72 - Warning: Deletion of temporary power scheme failed
Sun 04/05/2020 17:31:29.01 - Info: Ending WSUS Offline Update
Sun 04/05/2020 17:31:43.61 - Info: Found Microsoft Windows version 10.0.18363.1 (w100 x64 enu)
Sun 04/05/2020 17:31:43.92 - Info: Found Microsoft Windows Software Licensing Management Tool info...
Sun 04/05/2020 17:31:44.64 - Info: Name: Windows(R), Enterprise edition
Sun 04/05/2020 17:31:45.03 - Info: Description: Windows(R) Operating System, VOLUME_KMSCLIENT channel
Sun 04/05/2020 17:31:45.48 - Info: Partial Product Key: 2YT43
Sun 04/05/2020 17:31:45.90 - Info: License Status: Licensed
Sun 04/05/2020 17:31:46.15 - Info: Volume activation expiration: 68854 minute(s) (48 day(s))
Sun 04/05/2020 17:31:46.42 - Info: Found total physical memory: 4 GB
Sun 04/05/2020 17:31:46.49 - Info: Found Windows Update Agent version 10.0.18362.628
Sun 04/05/2020 17:31:46.76 - Info: Found Windows Installer version 5.0.18362.719
Sun 04/05/2020 17:31:47.31 - Info: Found Windows Script Host version 5.812.10240.16384
Sun 04/05/2020 17:31:47.76 - Info: Found Internet Explorer version 9.11.18362.0
Sun 04/05/2020 17:31:48.49 - Info: Found Microsoft .NET Framework 3.5 version 0.0.0.0
Sun 04/05/2020 17:31:48.88 - Info: Found Windows PowerShell version 2.0
Sun 04/05/2020 17:31:49.33 - Info: Found Microsoft .NET Framework 4 version 4.8.03752 (release: 528040)
Sun 04/05/2020 17:31:49.53 - Info: Found Windows Management Framework version 5.1.18362.1
Sun 04/05/2020 17:31:49.61 - Info: Found Windows Defender definitions version 1.311.1682.0
Sun 04/05/2020 17:31:50.31 - Info: Found Microsoft Office 2016 Word version 16.0.4978.1000 (o2k16 x64 heb sp0)
Sun 04/05/2020 17:31:51.17 - Info: Medium build date: 2020-04-05
Sun 04/05/2020 17:31:52.04 - Info: Medium supports Microsoft Windows (w100 x64 glb)
Sun 04/05/2020 17:31:52.12 - Info: Medium supports Microsoft Office (ofc heb)
Sun 04/05/2020 17:31:52.31 - Info: Disabled screensaver
Sun 04/05/2020 17:31:55.87 - Info: Checked Windows Update scan prerequisites
Sun 04/05/2020 17:32:12.63 - Info: Starting service 'Windows Update' (wuauserv)
Sun 04/05/2020 17:32:13.15 - Info: Waiting for service 'wuauserv' to reach state 'Running' (timeout: 60s)
Sun 04/05/2020 17:32:16.55 - Info: Service 'wuauserv' reached state 'Running'
Sun 04/05/2020 17:32:16.79 - Info: Started service 'Windows Update' (wuauserv)

--------------------------------------------------------------------------------

Sun 04/05/2020 17:41:10.70 - Info: Starting WSUS Offline Update v. 12.0
Sun 04/05/2020 17:41:11.24 - Info: Used path "k:\cmd\" on STANDALONE (user: iaf)
Sun 04/05/2020 17:41:27.43 - Info: Found Microsoft Windows version 10.0.18363.1 (w100 x64 enu)
Sun 04/05/2020 17:41:27.57 - Info: Found Microsoft Windows Software Licensing Management Tool info...
Sun 04/05/2020 17:41:27.77 - Info: Name: Windows(R), Enterprise edition
Sun 04/05/2020 17:41:27.90 - Info: Description: Windows(R) Operating System, VOLUME_KMSCLIENT channel
Sun 04/05/2020 17:41:28.06 - Info: Partial Product Key: 2YT43
Sun 04/05/2020 17:41:28.20 - Info: License Status: Licensed
Sun 04/05/2020 17:41:28.33 - Info: Volume activation expiration: 68844 minute(s) (48 day(s))
Sun 04/05/2020 17:41:28.53 - Info: Found total physical memory: 4 GB
Sun 04/05/2020 17:41:28.66 - Info: Found Windows Update Agent version 10.0.18362.628
Sun 04/05/2020 17:41:28.86 - Info: Found Windows Installer version 5.0.18362.719
Sun 04/05/2020 17:41:29.02 - Info: Found Windows Script Host version 5.812.10240.16384
Sun 04/05/2020 17:41:29.16 - Info: Found Internet Explorer version 9.11.18362.0
Sun 04/05/2020 17:41:29.29 - Info: Found Microsoft .NET Framework 3.5 version 0.0.0.0
Sun 04/05/2020 17:41:29.51 - Info: Found Windows PowerShell version 2.0
Sun 04/05/2020 17:41:30.00 - Info: Found Microsoft .NET Framework 4 version 4.8.03752 (release: 528040)
Sun 04/05/2020 17:41:30.11 - Info: Found Windows Management Framework version 5.1.18362.1
Sun 04/05/2020 17:41:30.22 - Info: Found Windows Defender definitions version 1.311.1682.0
Sun 04/05/2020 17:41:30.33 - Info: Found Microsoft Office 2016 Word version 16.0.4978.1000 (o2k16 x64 heb sp0)
Sun 04/05/2020 17:41:30.52 - Info: Medium build date: 2020-04-05
Sun 04/05/2020 17:41:30.62 - Info: Medium supports Microsoft Windows (w100 x64 glb)
Sun 04/05/2020 17:41:30.68 - Info: Medium supports Microsoft Office (ofc heb)
Sun 04/05/2020 17:41:30.98 - Info: Disabled screensaver
Sun 04/05/2020 17:41:33.83 - Info: Checked Windows Update scan prerequisites
Sun 04/05/2020 17:41:38.05 - Info: Stopping service 'Windows Update' (wuauserv)
Sun 04/05/2020 17:41:38.37 - Info: Waiting for service 'wuauserv' to reach state 'Stopped' (timeout: 180s)
Sun 04/05/2020 17:42:35.32 - Info: Listed ids of missing updates
Sun 04/05/2020 17:42:36.44 - Info: Listed ids of installed updates
Sun 04/05/2020 17:42:38.42 - Info: Listed update files
Sun 04/05/2020 17:42:38.63 - Info: No missing update found
Sun 04/05/2020 17:42:38.90 - Info: Restored screensaver setting
Sun 04/05/2020 17:42:39.07 - Warning: Deletion of temporary power scheme failed
Sun 04/05/2020 17:42:39.47 - Info: Ending WSUS Offline Update
Sun 04/05/2020 17:45:48.55 - Warning: Service 'wuauserv' did not reach state 'Stopped' in time
Sun 04/05/2020 17:56:50.28 - Info: Listed ids of missing updates
Sun 04/05/2020 17:56:54.32 - Info: Listed ids of installed updates
Sun 04/05/2020 17:56:55.34 - Warning: Update kb4052908 (id: 6e9a6c8e-8e0c-4f7a-b2ad-4af752667661) not found
Sun 04/05/2020 17:57:06.82 - Info: Listed update files
Sun 04/05/2020 17:57:06.91 - Info: Any missing update was either black listed or not found
Sun 04/05/2020 17:57:07.34 - Info: Restored screensaver setting
Sun 04/05/2020 17:57:07.50 - Warning: Deletion of temporary power scheme failed
Sun 04/05/2020 17:57:08.43 - Info: Ending WSUS Offline Update
